C:\Users\suyash.s\source\repos\MVCAngular\MVCAngular\dist\out-tsc\src\app\form-service.js
C:\Users\suyash.s\source\repos\MVCAngular\MVCAngular\dist\out-tsc\src\app\form-service.js.map
C:\Users\suyash.s\source\repos\MVCAngular\MVCAngular\dist\out-tsc\src\app\app.component.js
C:\Users\suyash.s\source\repos\MVCAngular\MVCAngular\dist\out-tsc\src\app\app.component.js.map
C:\Users\suyash.s\source\repos\MVCAngular\MVCAngular\dist\out-tsc\src\app\nav-menu\nav-menu.component.js
C:\Users\suyash.s\source\repos\MVCAngular\MVCAngular\dist\out-tsc\src\app\nav-menu\nav-menu.component.js.map
C:\Users\suyash.s\source\repos\MVCAngular\MVCAngular\dist\out-tsc\src\app\contact-item\contact-item.component.js
C:\Users\suyash.s\source\repos\MVCAngular\MVCAngular\dist\out-tsc\src\app\contact-item\contact-item.component.js.map
C:\Users\suyash.s\source\repos\MVCAngular\MVCAngular\dist\out-tsc\src\app\contact-form\contact-form.component.js
C:\Users\suyash.s\source\repos\MVCAngular\MVCAngular\dist\out-tsc\src\app\contact-form\contact-form.component.js.map
C:\Users\suyash.s\source\repos\MVCAngular\MVCAngular\dist\out-tsc\src\app\contact-info\contact-info.component.js
C:\Users\suyash.s\source\repos\MVCAngular\MVCAngular\dist\out-tsc\src\app\contact-info\contact-info.component.js.map
C:\Users\suyash.s\source\repos\MVCAngular\MVCAngular\dist\out-tsc\src\app\app.module.js
C:\Users\suyash.s\source\repos\MVCAngular\MVCAngular\dist\out-tsc\src\app\app.module.js.map
C:\Users\suyash.s\source\repos\MVCAngular\MVCAngular\dist\out-tsc\src\environments\environment.js
C:\Users\suyash.s\source\repos\MVCAngular\MVCAngular\dist\out-tsc\src\environments\environment.js.map
C:\Users\suyash.s\source\repos\MVCAngular\MVCAngular\dist\out-tsc\src\main.js
C:\Users\suyash.s\source\repos\MVCAngular\MVCAngular\dist\out-tsc\src\main.js.map
C:\Users\suyash.s\source\repos\MVCAngular\MVCAngular\dist\out-tsc\src\polyfills.js
C:\Users\suyash.s\source\repos\MVCAngular\MVCAngular\dist\out-tsc\src\polyfills.js.map
C:\Users\suyash.s\source\repos\MVCAngular\MVCAngular\dist\out-tsc\src\test.js
C:\Users\suyash.s\source\repos\MVCAngular\MVCAngular\dist\out-tsc\src\test.js.map
C:\Users\suyash.s\source\repos\MVCAngular\MVCAngular\dist\out-tsc\e2e\src\app.po.js
C:\Users\suyash.s\source\repos\MVCAngular\MVCAngular\dist\out-tsc\e2e\src\app.po.js.map
C:\Users\suyash.s\source\repos\MVCAngular\MVCAngular\dist\out-tsc\e2e\src\app.e2e-spec.js
C:\Users\suyash.s\source\repos\MVCAngular\MVCAngular\dist\out-tsc\e2e\src\app.e2e-spec.js.map
C:\Users\suyash.s\source\repos\MVCAngular\MVCAngular\dist\out-tsc\src\app\app-routing.module.js
C:\Users\suyash.s\source\repos\MVCAngular\MVCAngular\dist\out-tsc\src\app\app-routing.module.js.map
C:\Users\suyash.s\source\repos\MVCAngular\MVCAngular\dist\out-tsc\src\app\app.component.spec.js
C:\Users\suyash.s\source\repos\MVCAngular\MVCAngular\dist\out-tsc\src\app\app.component.spec.js.map
C:\Users\suyash.s\source\repos\MVCAngular\MVCAngular\dist\out-tsc\src\app\contact-details.js
C:\Users\suyash.s\source\repos\MVCAngular\MVCAngular\dist\out-tsc\src\app\contact-details.js.map
C:\Users\suyash.s\source\repos\MVCAngular\MVCAngular\dist\out-tsc\src\environments\environment.prod.js
C:\Users\suyash.s\source\repos\MVCAngular\MVCAngular\dist\out-tsc\src\environments\environment.prod.js.map
